2025-12-01T09:47:24.615+05:30  INFO 13372 --- [pisoft] [restartedMain] com.pisoft.pisoft.PisoftApplication      : Starting PisoftApplication using Java 21.0.2 with PID 13372 (E:\ALL YOUTUBE CONTENT HERE\Pisoft october batch\Pisoft-October-Batch-master\target\classes started by JATIN in E:\ALL YOUTUBE CONTENT HERE\Pisoft october batch\Pisoft-October-Batch-master)
2025-12-01T09:47:24.667+05:30  INFO 13372 --- [pisoft] [restartedMain] com.pisoft.pisoft.PisoftApplication      : No active profile set, falling back to 1 default profile: "default"
2025-12-01T09:47:25.032+05:30  INFO 13372 --- [pisoft] [restartedMain] .e.DevToolsPropertyDefaultsPostProcessor : Devtools property defaults active! Set 'spring.devtools.add-properties' to 'false' to disable
2025-12-01T09:47:25.035+05:30  INFO 13372 --- [pisoft] [restartedMain] .e.DevToolsPropertyDefaultsPostProcessor : For additional web related logging consider setting the 'logging.level.web' property to 'DEBUG'
2025-12-01T09:47:35.791+05:30  INFO 13372 --- [pisoft] [restartedMain] .s.d.r.c.RepositoryConfigurationDelegate : Bootstrapping Spring Data JPA repositories in DEFAULT mode.
2025-12-01T09:47:36.344+05:30  INFO 13372 --- [pisoft] [restartedMain] .s.d.r.c.RepositoryConfigurationDelegate : Finished Spring Data repository scanning in 517 ms. Found 9 JPA repository interfaces.
2025-12-01T09:47:43.533+05:30  INFO 13372 --- [pisoft] [restartedMain] o.s.b.w.embedded.tomcat.TomcatWebServer  : Tomcat initialized with port 8080 (http)
2025-12-01T09:47:43.600+05:30  INFO 13372 --- [pisoft] [restartedMain] o.apache.catalina.core.StandardService   : Starting service [Tomcat]
2025-12-01T09:47:43.602+05:30  INFO 13372 --- [pisoft] [restartedMain] o.apache.catalina.core.StandardEngine    : Starting Servlet engine: [Apache Tomcat/10.1.30]
2025-12-01T09:47:43.967+05:30  INFO 13372 --- [pisoft] [restartedMain] o.a.c.c.C.[Tomcat].[localhost].[/]       : Initializing Spring embedded WebApplicationContext
2025-12-01T09:47:43.969+05:30  INFO 13372 --- [pisoft] [restartedMain] w.s.c.ServletWebServerApplicationContext : Root WebApplicationContext: initialization completed in 18932 ms
2025-12-01T09:47:46.277+05:30  INFO 13372 --- [pisoft] [restartedMain] o.hibernate.jpa.internal.util.LogHelper  : HHH000204: Processing PersistenceUnitInfo [name: default]
2025-12-01T09:47:47.074+05:30  INFO 13372 --- [pisoft] [restartedMain] org.hibernate.Version                    : HHH000412: Hibernate ORM core version 6.5.3.Final
2025-12-01T09:47:47.385+05:30  INFO 13372 --- [pisoft] [restartedMain] o.h.c.internal.RegionFactoryInitiator    : HHH000026: Second-level cache disabled
2025-12-01T09:47:49.848+05:30  INFO 13372 --- [pisoft] [restartedMain] o.s.o.j.p.SpringPersistenceUnitInfo      : No LoadTimeWeaver setup: ignoring JPA class transformer
2025-12-01T09:47:50.038+05:30  INFO 13372 --- [pisoft] [restartedMain] com.zaxxer.hikari.HikariDataSource       : HikariPool-1 - Starting...
2025-12-01T09:47:52.043+05:30  INFO 13372 --- [pisoft] [restartedMain] com.zaxxer.hikari.pool.HikariPool        : HikariPool-1 - Added connection com.mysql.cj.jdbc.ConnectionImpl@7f302dca
2025-12-01T09:47:52.050+05:30  INFO 13372 --- [pisoft] [restartedMain] com.zaxxer.hikari.HikariDataSource       : HikariPool-1 - Start completed.
2025-12-01T09:47:58.839+05:30  INFO 13372 --- [pisoft] [restartedMain] o.h.e.t.j.p.i.JtaPlatformInitiator       : HHH000489: No JTA platform available (set 'hibernate.transaction.jta.platform' to enable JTA platform integration)
2025-12-01T09:47:59.369+05:30  INFO 13372 --- [pisoft] [restartedMain] j.LocalContainerEntityManagerFactoryBean : Initialized JPA EntityManagerFactory for persistence unit 'default'
2025-12-01T09:48:03.092+05:30  WARN 13372 --- [pisoft] [restartedMain] JpaBaseConfiguration$JpaWebConfiguration : spring.jpa.open-in-view is enabled by default. Therefore, database queries may be performed during view rendering. Explicitly configure spring.jpa.open-in-view to disable this warning
2025-12-01T09:48:04.373+05:30  INFO 13372 --- [pisoft] [restartedMain] r$InitializeUserDetailsManagerConfigurer : Global AuthenticationManager configured with UserDetailsService bean with name userService
2025-12-01T09:48:04.680+05:30  INFO 13372 --- [pisoft] [restartedMain] o.s.d.j.r.query.QueryEnhancerFactory     : Hibernate is in classpath; If applicable, HQL parser will be used.
2025-12-01T09:48:09.300+05:30  INFO 13372 --- [pisoft] [restartedMain] o.s.b.a.e.web.EndpointLinksResolver      : Exposing 15 endpoints beneath base path '/management'
2025-12-01T09:48:12.471+05:30  INFO 13372 --- [pisoft] [restartedMain] o.s.b.d.a.OptionalLiveReloadServer       : LiveReload server is running on port 35729
2025-12-01T09:48:12.908+05:30  INFO 13372 --- [pisoft] [restartedMain] o.s.b.w.embedded.tomcat.TomcatWebServer  : Tomcat started on port 8080 (http) with context path '/'
2025-12-01T09:48:13.029+05:30  INFO 13372 --- [pisoft] [restartedMain] com.pisoft.pisoft.PisoftApplication      : Started PisoftApplication in 50.811 seconds (process running for 53.238)
2025-12-01T10:10:10.760+05:30  INFO 13372 --- [pisoft] [http-nio-8080-exec-1] o.a.c.c.C.[Tomcat].[localhost].[/]       : Initializing Spring DispatcherServlet 'dispatcherServlet'
2025-12-01T10:10:10.761+05:30  INFO 13372 --- [pisoft] [http-nio-8080-exec-1] o.s.web.servlet.DispatcherServlet        : Initializing Servlet 'dispatcherServlet'
2025-12-01T10:10:10.764+05:30  INFO 13372 --- [pisoft] [http-nio-8080-exec-1] o.s.web.servlet.DispatcherServlet        : Completed initialization in 3 ms
2025-12-01T10:39:03.380+05:30  INFO 13372 --- [pisoft] [SpringApplicationShutdownHook] j.LocalContainerEntityManagerFactoryBean : Closing JPA EntityManagerFactory for persistence unit 'default'
2025-12-01T10:39:03.428+05:30  INFO 13372 --- [pisoft] [SpringApplicationShutdownHook] com.zaxxer.hikari.HikariDataSource       : HikariPool-1 - Shutdown initiated...
2025-12-01T10:39:03.472+05:30  INFO 13372 --- [pisoft] [SpringApplicationShutdownHook] com.zaxxer.hikari.HikariDataSource       : HikariPool-1 - Shutdown completed.
2025-12-01T10:39:53.131+05:30  INFO 17580 --- [pisoft] [restartedMain] com.pisoft.pisoft.PisoftApplication      : Starting PisoftApplication using Java 21.0.2 with PID 17580 (E:\ALL YOUTUBE CONTENT HERE\Pisoft october batch\Pisoft-October-Batch-master\target\classes started by JATIN in E:\ALL YOUTUBE CONTENT HERE\Pisoft october batch\Pisoft-October-Batch-master)
2025-12-01T10:39:53.139+05:30  INFO 17580 --- [pisoft] [restartedMain] com.pisoft.pisoft.PisoftApplication      : No active profile set, falling back to 1 default profile: "default"
2025-12-01T10:39:53.361+05:30  INFO 17580 --- [pisoft] [restartedMain] .e.DevToolsPropertyDefaultsPostProcessor : Devtools property defaults active! Set 'spring.devtools.add-properties' to 'false' to disable
2025-12-01T10:39:53.361+05:30  INFO 17580 --- [pisoft] [restartedMain] .e.DevToolsPropertyDefaultsPostProcessor : For additional web related logging consider setting the 'logging.level.web' property to 'DEBUG'
2025-12-01T10:40:04.263+05:30  INFO 17580 --- [pisoft] [restartedMain] .s.d.r.c.RepositoryConfigurationDelegate : Bootstrapping Spring Data JPA repositories in DEFAULT mode.
2025-12-01T10:40:05.057+05:30  INFO 17580 --- [pisoft] [restartedMain] .s.d.r.c.RepositoryConfigurationDelegate : Finished Spring Data repository scanning in 742 ms. Found 9 JPA repository interfaces.
2025-12-01T10:40:10.429+05:30  INFO 17580 --- [pisoft] [restartedMain] o.s.b.w.embedded.tomcat.TomcatWebServer  : Tomcat initialized with port 8080 (http)
2025-12-01T10:40:10.499+05:30  INFO 17580 --- [pisoft] [restartedMain] o.apache.catalina.core.StandardService   : Starting service [Tomcat]
2025-12-01T10:40:10.501+05:30  INFO 17580 --- [pisoft] [restartedMain] o.apache.catalina.core.StandardEngine    : Starting Servlet engine: [Apache Tomcat/10.1.30]
2025-12-01T10:40:10.971+05:30  INFO 17580 --- [pisoft] [restartedMain] w.s.c.ServletWebServerApplicationContext : Root WebApplicationContext: initialization completed in 17607 ms
2025-12-01T10:40:12.900+05:30  INFO 17580 --- [pisoft] [restartedMain] o.hibernate.jpa.internal.util.LogHelper  : HHH000204: Processing PersistenceUnitInfo [name: default]
2025-12-01T10:40:13.190+05:30  INFO 17580 --- [pisoft] [restartedMain] org.hibernate.Version                    : HHH000412: Hibernate ORM core version 6.5.3.Final
2025-12-01T10:40:13.460+05:30  INFO 17580 --- [pisoft] [restartedMain] o.h.c.internal.RegionFactoryInitiator    : HHH000026: Second-level cache disabled
2025-12-01T10:40:14.704+05:30  INFO 17580 --- [pisoft] [restartedMain] o.s.o.j.p.SpringPersistenceUnitInfo      : No LoadTimeWeaver setup: ignoring JPA class transformer
2025-12-01T10:40:14.837+05:30  INFO 17580 --- [pisoft] [restartedMain] com.zaxxer.hikari.HikariDataSource       : HikariPool-1 - Starting...
2025-12-01T10:40:16.358+05:30  INFO 17580 --- [pisoft] [restartedMain] com.zaxxer.hikari.pool.HikariPool        : HikariPool-1 - Added connection com.mysql.cj.jdbc.ConnectionImpl@56375b27
2025-12-01T10:40:16.363+05:30  INFO 17580 --- [pisoft] [restartedMain] com.zaxxer.hikari.HikariDataSource       : HikariPool-1 - Start completed.
2025-12-01T10:40:22.021+05:30  INFO 17580 --- [pisoft] [restartedMain] o.h.e.t.j.p.i.JtaPlatformInitiator       : HHH000489: No JTA platform available (set 'hibernate.transaction.jta.platform' to enable JTA platform integration)
2025-12-01T10:40:22.464+05:30  INFO 17580 --- [pisoft] [restartedMain] j.LocalContainerEntityManagerFactoryBean : Initialized JPA EntityManagerFactory for persistence unit 'default'
2025-12-01T10:40:27.362+05:30  WARN 17580 --- [pisoft] [restartedMain] JpaBaseConfiguration$JpaWebConfiguration : spring.jpa.open-in-view is enabled by default. Therefore, database queries may be performed during view rendering. Explicitly configure spring.jpa.open-in-view to disable this warning
2025-12-01T10:40:31.554+05:30  INFO 17580 --- [pisoft] [restartedMain] r$InitializeUserDetailsManagerConfigurer : Global AuthenticationManager configured with UserDetailsService bean with name userService
2025-12-01T10:40:32.054+05:30  INFO 17580 --- [pisoft] [restartedMain] o.s.d.j.r.query.QueryEnhancerFactory     : Hibernate is in classpath; If applicable, HQL parser will be used.
2025-12-01T10:40:39.138+05:30  INFO 17580 --- [pisoft] [restartedMain] o.s.b.a.e.web.EndpointLinksResolver      : Exposing 15 endpoints beneath base path '/management'
2025-12-01T10:40:41.878+05:30  INFO 17580 --- [pisoft] [restartedMain] o.s.b.d.a.OptionalLiveReloadServer       : LiveReload server is running on port 35729
2025-12-01T10:40:42.176+05:30  INFO 17580 --- [pisoft] [restartedMain] o.s.b.w.embedded.tomcat.TomcatWebServer  : Tomcat started on port 8080 (http) with context path '/'
2025-12-01T10:40:42.270+05:30  INFO 17580 --- [pisoft] [restartedMain] com.pisoft.pisoft.PisoftApplication      : Started PisoftApplication in 50.875 seconds (process running for 53.345)
2025-12-01T10:40:42.433+05:30  INFO 17580 --- [pisoft] [SpringApplicationShutdownHook] j.LocalContainerEntityManagerFactoryBean : Closing JPA EntityManagerFactory for persistence unit 'default'
2025-12-01T10:40:42.467+05:30  INFO 17580 --- [pisoft] [SpringApplicationShutdownHook] com.zaxxer.hikari.HikariDataSource       : HikariPool-1 - Shutdown initiated...
2025-12-01T10:40:42.531+05:30  INFO 17580 --- [pisoft] [SpringApplicationShutdownHook] com.zaxxer.hikari.HikariDataSource       : HikariPool-1 - Shutdown completed.
2025-12-01T10:41:04.466+05:30  INFO 7116 --- [pisoft] [restartedMain] com.pisoft.pisoft.PisoftApplication      : Starting PisoftApplication using Java 21.0.2 with PID 7116 (E:\ALL YOUTUBE CONTENT HERE\Pisoft october batch\Pisoft-October-Batch-master\target\classes started by JATIN in E:\ALL YOUTUBE CONTENT HERE\Pisoft october batch\Pisoft-October-Batch-master)
2025-12-01T10:41:04.471+05:30  INFO 7116 --- [pisoft] [restartedMain] com.pisoft.pisoft.PisoftApplication      : No active profile set, falling back to 1 default profile: "default"
2025-12-01T10:41:04.642+05:30  INFO 7116 --- [pisoft] [restartedMain] .e.DevToolsPropertyDefaultsPostProcessor : Devtools property defaults active! Set 'spring.devtools.add-properties' to 'false' to disable
2025-12-01T10:41:04.642+05:30  INFO 7116 --- [pisoft] [restartedMain] .e.DevToolsPropertyDefaultsPostProcessor : For additional web related logging consider setting the 'logging.level.web' property to 'DEBUG'
2025-12-01T10:41:12.571+05:30  INFO 7116 --- [pisoft] [restartedMain] .s.d.r.c.RepositoryConfigurationDelegate : Bootstrapping Spring Data JPA repositories in DEFAULT mode.
2025-12-01T10:41:13.040+05:30  INFO 7116 --- [pisoft] [restartedMain] .s.d.r.c.RepositoryConfigurationDelegate : Finished Spring Data repository scanning in 426 ms. Found 9 JPA repository interfaces.
2025-12-01T10:41:18.305+05:30  INFO 7116 --- [pisoft] [restartedMain] o.s.b.w.embedded.tomcat.TomcatWebServer  : Tomcat initialized with port 8080 (http)
2025-12-01T10:41:18.368+05:30  INFO 7116 --- [pisoft] [restartedMain] o.apache.catalina.core.StandardService   : Starting service [Tomcat]
2025-12-01T10:41:18.369+05:30  INFO 7116 --- [pisoft] [restartedMain] o.apache.catalina.core.StandardEngine    : Starting Servlet engine: [Apache Tomcat/10.1.30]
2025-12-01T10:41:18.668+05:30  INFO 7116 --- [pisoft] [restartedMain] o.a.c.c.C.[Tomcat].[localhost].[/]       : Initializing Spring embedded WebApplicationContext
2025-12-01T10:41:18.669+05:30  INFO 7116 --- [pisoft] [restartedMain] w.s.c.ServletWebServerApplicationContext : Root WebApplicationContext: initialization completed in 14024 ms
2025-12-01T10:41:20.642+05:30  INFO 7116 --- [pisoft] [restartedMain] o.hibernate.jpa.internal.util.LogHelper  : HHH000204: Processing PersistenceUnitInfo [name: default]
2025-12-01T10:41:21.081+05:30  INFO 7116 --- [pisoft] [restartedMain] org.hibernate.Version                    : HHH000412: Hibernate ORM core version 6.5.3.Final
2025-12-01T10:41:21.311+05:30  INFO 7116 --- [pisoft] [restartedMain] o.h.c.internal.RegionFactoryInitiator    : HHH000026: Second-level cache disabled
2025-12-01T10:41:23.051+05:30  INFO 7116 --- [pisoft] [restartedMain] o.s.o.j.p.SpringPersistenceUnitInfo      : No LoadTimeWeaver setup: ignoring JPA class transformer
2025-12-01T10:41:23.173+05:30  INFO 7116 --- [pisoft] [restartedMain] com.zaxxer.hikari.HikariDataSource       : HikariPool-1 - Starting...
2025-12-01T10:41:24.786+05:30  INFO 7116 --- [pisoft] [restartedMain] com.zaxxer.hikari.pool.HikariPool        : HikariPool-1 - Added connection com.mysql.cj.jdbc.ConnectionImpl@57bdae86
2025-12-01T10:41:24.817+05:30  INFO 7116 --- [pisoft] [restartedMain] com.zaxxer.hikari.HikariDataSource       : HikariPool-1 - Start completed.
2025-12-01T10:41:29.180+05:30  INFO 7116 --- [pisoft] [restartedMain] o.h.e.t.j.p.i.JtaPlatformInitiator       : HHH000489: No JTA platform available (set 'hibernate.transaction.jta.platform' to enable JTA platform integration)
2025-12-01T10:41:29.513+05:30  INFO 7116 --- [pisoft] [restartedMain] j.LocalContainerEntityManagerFactoryBean : Initialized JPA EntityManagerFactory for persistence unit 'default'
2025-12-01T10:41:32.158+05:30  WARN 7116 --- [pisoft] [restartedMain] JpaBaseConfiguration$JpaWebConfiguration : spring.jpa.open-in-view is enabled by default. Therefore, database queries may be performed during view rendering. Explicitly configure spring.jpa.open-in-view to disable this warning
2025-12-01T10:41:33.675+05:30  INFO 7116 --- [pisoft] [restartedMain] r$InitializeUserDetailsManagerConfigurer : Global AuthenticationManager configured with UserDetailsService bean with name userService
2025-12-01T10:41:34.370+05:30  INFO 7116 --- [pisoft] [restartedMain] o.s.d.j.r.query.QueryEnhancerFactory     : Hibernate is in classpath; If applicable, HQL parser will be used.
2025-12-01T10:41:39.701+05:30  INFO 7116 --- [pisoft] [restartedMain] o.s.b.a.e.web.EndpointLinksResolver      : Exposing 15 endpoints beneath base path '/management'
2025-12-01T10:41:42.161+05:30  INFO 7116 --- [pisoft] [restartedMain] o.s.b.d.a.OptionalLiveReloadServer       : LiveReload server is running on port 35729
2025-12-01T10:41:42.442+05:30  INFO 7116 --- [pisoft] [restartedMain] o.s.b.w.embedded.tomcat.TomcatWebServer  : Tomcat started on port 8080 (http) with context path '/'
2025-12-01T10:41:42.503+05:30  INFO 7116 --- [pisoft] [restartedMain] com.pisoft.pisoft.PisoftApplication      : Started PisoftApplication in 40.801 seconds (process running for 43.065)
2025-12-01T10:41:51.859+05:30  INFO 7116 --- [pisoft] [http-nio-8080-exec-1] o.a.c.c.C.[Tomcat].[localhost].[/]       : Initializing Spring DispatcherServlet 'dispatcherServlet'
2025-12-01T10:41:51.860+05:30  INFO 7116 --- [pisoft] [http-nio-8080-exec-1] o.s.web.servlet.DispatcherServlet        : Initializing Servlet 'dispatcherServlet'
2025-12-01T10:41:51.867+05:30  INFO 7116 --- [pisoft] [http-nio-8080-exec-1] o.s.web.servlet.DispatcherServlet        : Completed initialization in 6 ms
2025-12-01T11:04:54.445+05:30  INFO 7116 --- [pisoft] [SpringApplicationShutdownHook] j.LocalContainerEntityManagerFactoryBean : Closing JPA EntityManagerFactory for persistence unit 'default'
2025-12-01T11:04:54.478+05:30  INFO 7116 --- [pisoft] [SpringApplicationShutdownHook] com.zaxxer.hikari.HikariDataSource       : HikariPool-1 - Shutdown initiated...
2025-12-01T11:04:54.550+05:30  INFO 7116 --- [pisoft] [SpringApplicationShutdownHook] com.zaxxer.hikari.HikariDataSource       : HikariPool-1 - Shutdown completed.
2025-12-01T11:05:12.435+05:30  INFO 17188 --- [pisoft] [restartedMain] com.pisoft.pisoft.PisoftApplication      : Starting PisoftApplication using Java 21.0.2 with PID 17188 (E:\ALL YOUTUBE CONTENT HERE\Pisoft october batch\Pisoft-October-Batch-master\target\classes started by JATIN in E:\ALL YOUTUBE CONTENT HERE\Pisoft october batch\Pisoft-October-Batch-master)
2025-12-01T11:05:12.442+05:30  INFO 17188 --- [pisoft] [restartedMain] com.pisoft.pisoft.PisoftApplication      : No active profile set, falling back to 1 default profile: "default"
2025-12-01T11:05:12.636+05:30  INFO 17188 --- [pisoft] [restartedMain] .e.DevToolsPropertyDefaultsPostProcessor : Devtools property defaults active! Set 'spring.devtools.add-properties' to 'false' to disable
2025-12-01T11:05:12.637+05:30  INFO 17188 --- [pisoft] [restartedMain] .e.DevToolsPropertyDefaultsPostProcessor : For additional web related logging consider setting the 'logging.level.web' property to 'DEBUG'
2025-12-01T11:05:18.685+05:30  INFO 17188 --- [pisoft] [restartedMain] .s.d.r.c.RepositoryConfigurationDelegate : Bootstrapping Spring Data JPA repositories in DEFAULT mode.
2025-12-01T11:05:19.291+05:30  INFO 17188 --- [pisoft] [restartedMain] .s.d.r.c.RepositoryConfigurationDelegate : Finished Spring Data repository scanning in 577 ms. Found 9 JPA repository interfaces.
2025-12-01T11:05:23.120+05:30  INFO 17188 --- [pisoft] [restartedMain] o.s.b.w.embedded.tomcat.TomcatWebServer  : Tomcat initialized with port 8080 (http)
2025-12-01T11:05:23.169+05:30  INFO 17188 --- [pisoft] [restartedMain] o.apache.catalina.core.StandardService   : Starting service [Tomcat]
2025-12-01T11:05:23.170+05:30  INFO 17188 --- [pisoft] [restartedMain] o.apache.catalina.core.StandardEngine    : Starting Servlet engine: [Apache Tomcat/10.1.30]
2025-12-01T11:05:23.498+05:30  INFO 17188 --- [pisoft] [restartedMain] o.a.c.c.C.[Tomcat].[localhost].[/]       : Initializing Spring embedded WebApplicationContext
2025-12-01T11:05:23.503+05:30  INFO 17188 --- [pisoft] [restartedMain] w.s.c.ServletWebServerApplicationContext : Root WebApplicationContext: initialization completed in 10860 ms
2025-12-01T11:05:25.169+05:30  INFO 17188 --- [pisoft] [restartedMain] o.hibernate.jpa.internal.util.LogHelper  : HHH000204: Processing PersistenceUnitInfo [name: default]
2025-12-01T11:05:25.479+05:30  INFO 17188 --- [pisoft] [restartedMain] org.hibernate.Version                    : HHH000412: Hibernate ORM core version 6.5.3.Final
2025-12-01T11:05:25.749+05:30  INFO 17188 --- [pisoft] [restartedMain] o.h.c.internal.RegionFactoryInitiator    : HHH000026: Second-level cache disabled
2025-12-01T11:05:27.463+05:30  INFO 17188 --- [pisoft] [restartedMain] o.s.o.j.p.SpringPersistenceUnitInfo      : No LoadTimeWeaver setup: ignoring JPA class transformer
2025-12-01T11:05:27.602+05:30  INFO 17188 --- [pisoft] [restartedMain] com.zaxxer.hikari.HikariDataSource       : HikariPool-1 - Starting...
2025-12-01T11:05:29.329+05:30  INFO 17188 --- [pisoft] [restartedMain] com.zaxxer.hikari.pool.HikariPool        : HikariPool-1 - Added connection com.mysql.cj.jdbc.ConnectionImpl@2a48224b
2025-12-01T11:05:29.334+05:30  INFO 17188 --- [pisoft] [restartedMain] com.zaxxer.hikari.HikariDataSource       : HikariPool-1 - Start completed.
2025-12-01T11:05:33.931+05:30  INFO 17188 --- [pisoft] [restartedMain] o.h.e.t.j.p.i.JtaPlatformInitiator       : HHH000489: No JTA platform available (set 'hibernate.transaction.jta.platform' to enable JTA platform integration)
2025-12-01T11:05:34.212+05:30  INFO 17188 --- [pisoft] [restartedMain] j.LocalContainerEntityManagerFactoryBean : Initialized JPA EntityManagerFactory for persistence unit 'default'
2025-12-01T11:05:36.566+05:30  WARN 17188 --- [pisoft] [restartedMain] JpaBaseConfiguration$JpaWebConfiguration : spring.jpa.open-in-view is enabled by default. Therefore, database queries may be performed during view rendering. Explicitly configure spring.jpa.open-in-view to disable this warning
2025-12-01T11:05:37.745+05:30  INFO 17188 --- [pisoft] [restartedMain] r$InitializeUserDetailsManagerConfigurer : Global AuthenticationManager configured with UserDetailsService bean with name userService
2025-12-01T11:05:37.977+05:30  INFO 17188 --- [pisoft] [restartedMain] o.s.d.j.r.query.QueryEnhancerFactory     : Hibernate is in classpath; If applicable, HQL parser will be used.
2025-12-01T11:05:42.970+05:30  INFO 17188 --- [pisoft] [restartedMain] o.s.b.a.e.web.EndpointLinksResolver      : Exposing 15 endpoints beneath base path '/management'
2025-12-01T11:05:44.996+05:30  INFO 17188 --- [pisoft] [restartedMain] o.s.b.d.a.OptionalLiveReloadServer       : LiveReload server is running on port 35729
2025-12-01T11:05:45.273+05:30  INFO 17188 --- [pisoft] [restartedMain] o.s.b.w.embedded.tomcat.TomcatWebServer  : Tomcat started on port 8080 (http) with context path '/'
2025-12-01T11:05:45.347+05:30  INFO 17188 --- [pisoft] [restartedMain] com.pisoft.pisoft.PisoftApplication      : Started PisoftApplication in 34.348 seconds (process running for 36.233)
2025-12-01T11:05:55.400+05:30  INFO 17188 --- [pisoft] [http-nio-8080-exec-2] o.a.c.c.C.[Tomcat].[localhost].[/]       : Initializing Spring DispatcherServlet 'dispatcherServlet'
2025-12-01T11:05:55.400+05:30  INFO 17188 --- [pisoft] [http-nio-8080-exec-2] o.s.web.servlet.DispatcherServlet        : Initializing Servlet 'dispatcherServlet'
2025-12-01T11:05:55.403+05:30  INFO 17188 --- [pisoft] [http-nio-8080-exec-2] o.s.web.servlet.DispatcherServlet        : Completed initialization in 2 ms
2025-12-01T11:06:42.343+05:30  INFO 17188 --- [pisoft] [SpringApplicationShutdownHook] j.LocalContainerEntityManagerFactoryBean : Closing JPA EntityManagerFactory for persistence unit 'default'
2025-12-01T11:06:42.355+05:30  INFO 17188 --- [pisoft] [SpringApplicationShutdownHook] com.zaxxer.hikari.HikariDataSource       : HikariPool-1 - Shutdown initiated...
2025-12-01T11:06:42.384+05:30  INFO 17188 --- [pisoft] [SpringApplicationShutdownHook] com.zaxxer.hikari.HikariDataSource       : HikariPool-1 - Shutdown completed.
2025-12-01T11:06:57.721+05:30  INFO 10176 --- [pisoft] [restartedMain] com.pisoft.pisoft.PisoftApplication      : Starting PisoftApplication using Java 21.0.2 with PID 10176 (E:\ALL YOUTUBE CONTENT HERE\Pisoft october batch\Pisoft-October-Batch-master\target\classes started by JATIN in E:\ALL YOUTUBE CONTENT HERE\Pisoft october batch\Pisoft-October-Batch-master)
2025-12-01T11:06:57.729+05:30  INFO 10176 --- [pisoft] [restartedMain] com.pisoft.pisoft.PisoftApplication      : No active profile set, falling back to 1 default profile: "default"
2025-12-01T11:06:57.932+05:30  INFO 10176 --- [pisoft] [restartedMain] .e.DevToolsPropertyDefaultsPostProcessor : Devtools property defaults active! Set 'spring.devtools.add-properties' to 'false' to disable
2025-12-01T11:06:57.932+05:30  INFO 10176 --- [pisoft] [restartedMain] .e.DevToolsPropertyDefaultsPostProcessor : For additional web related logging consider setting the 'logging.level.web' property to 'DEBUG'
2025-12-01T11:07:03.081+05:30  INFO 10176 --- [pisoft] [restartedMain] .s.d.r.c.RepositoryConfigurationDelegate : Bootstrapping Spring Data JPA repositories in DEFAULT mode.
2025-12-01T11:07:03.381+05:30  INFO 10176 --- [pisoft] [restartedMain] .s.d.r.c.RepositoryConfigurationDelegate : Finished Spring Data repository scanning in 276 ms. Found 9 JPA repository interfaces.
2025-12-01T11:07:07.946+05:30  INFO 10176 --- [pisoft] [restartedMain] o.s.b.w.embedded.tomcat.TomcatWebServer  : Tomcat initialized with port 8080 (http)
2025-12-01T11:07:07.992+05:30  INFO 10176 --- [pisoft] [restartedMain] o.apache.catalina.core.StandardService   : Starting service [Tomcat]
2025-12-01T11:07:07.993+05:30  INFO 10176 --- [pisoft] [restartedMain] o.apache.catalina.core.StandardEngine    : Starting Servlet engine: [Apache Tomcat/10.1.30]
2025-12-01T11:07:08.424+05:30  INFO 10176 --- [pisoft] [restartedMain] o.a.c.c.C.[Tomcat].[localhost].[/]       : Initializing Spring embedded WebApplicationContext
2025-12-01T11:07:08.425+05:30  INFO 10176 --- [pisoft] [restartedMain] w.s.c.ServletWebServerApplicationContext : Root WebApplicationContext: initialization completed in 10490 ms
2025-12-01T11:07:10.002+05:30  INFO 10176 --- [pisoft] [restartedMain] o.hibernate.jpa.internal.util.LogHelper  : HHH000204: Processing PersistenceUnitInfo [name: default]
2025-12-01T11:07:10.234+05:30  INFO 10176 --- [pisoft] [restartedMain] org.hibernate.Version                    : HHH000412: Hibernate ORM core version 6.5.3.Final
2025-12-01T11:07:10.362+05:30  INFO 10176 --- [pisoft] [restartedMain] o.h.c.internal.RegionFactoryInitiator    : HHH000026: Second-level cache disabled
2025-12-01T11:07:11.532+05:30  INFO 10176 --- [pisoft] [restartedMain] o.s.o.j.p.SpringPersistenceUnitInfo      : No LoadTimeWeaver setup: ignoring JPA class transformer
2025-12-01T11:07:11.640+05:30  INFO 10176 --- [pisoft] [restartedMain] com.zaxxer.hikari.HikariDataSource       : HikariPool-1 - Starting...
2025-12-01T11:07:13.205+05:30  INFO 10176 --- [pisoft] [restartedMain] com.zaxxer.hikari.pool.HikariPool        : HikariPool-1 - Added connection com.mysql.cj.jdbc.ConnectionImpl@2a48224b
2025-12-01T11:07:13.212+05:30  INFO 10176 --- [pisoft] [restartedMain] com.zaxxer.hikari.HikariDataSource       : HikariPool-1 - Start completed.
2025-12-01T11:07:18.700+05:30  INFO 10176 --- [pisoft] [restartedMain] o.h.e.t.j.p.i.JtaPlatformInitiator       : HHH000489: No JTA platform available (set 'hibernate.transaction.jta.platform' to enable JTA platform integration)
2025-12-01T11:07:19.044+05:30  INFO 10176 --- [pisoft] [restartedMain] j.LocalContainerEntityManagerFactoryBean : Initialized JPA EntityManagerFactory for persistence unit 'default'
2025-12-01T11:07:22.326+05:30  WARN 10176 --- [pisoft] [restartedMain] JpaBaseConfiguration$JpaWebConfiguration : spring.jpa.open-in-view is enabled by default. Therefore, database queries may be performed during view rendering. Explicitly configure spring.jpa.open-in-view to disable this warning
2025-12-01T11:07:23.942+05:30  INFO 10176 --- [pisoft] [restartedMain] r$InitializeUserDetailsManagerConfigurer : Global AuthenticationManager configured with UserDetailsService bean with name userService
2025-12-01T11:07:24.156+05:30  INFO 10176 --- [pisoft] [restartedMain] o.s.d.j.r.query.QueryEnhancerFactory     : Hibernate is in classpath; If applicable, HQL parser will be used.
2025-12-01T11:07:28.575+05:30  INFO 10176 --- [pisoft] [restartedMain] o.s.b.a.e.web.EndpointLinksResolver      : Exposing 15 endpoints beneath base path '/management'
2025-12-01T11:07:30.590+05:30  INFO 10176 --- [pisoft] [restartedMain] o.s.b.d.a.OptionalLiveReloadServer       : LiveReload server is running on port 35729
2025-12-01T11:07:31.050+05:30  INFO 10176 --- [pisoft] [restartedMain] o.s.b.w.embedded.tomcat.TomcatWebServer  : Tomcat started on port 8080 (http) with context path '/'
2025-12-01T11:07:31.188+05:30  INFO 10176 --- [pisoft] [restartedMain] com.pisoft.pisoft.PisoftApplication      : Started PisoftApplication in 36.145 seconds (process running for 38.144)
2025-12-01T11:07:34.328+05:30  INFO 10176 --- [pisoft] [http-nio-8080-exec-1] o.a.c.c.C.[Tomcat].[localhost].[/]       : Initializing Spring DispatcherServlet 'dispatcherServlet'
2025-12-01T11:07:34.329+05:30  INFO 10176 --- [pisoft] [http-nio-8080-exec-1] o.s.web.servlet.DispatcherServlet        : Initializing Servlet 'dispatcherServlet'
2025-12-01T11:07:34.333+05:30  INFO 10176 --- [pisoft] [http-nio-8080-exec-1] o.s.web.servlet.DispatcherServlet        : Completed initialization in 4 ms
2025-12-01T11:09:01.593+05:30  INFO 10176 --- [pisoft] [SpringApplicationShutdownHook] j.LocalContainerEntityManagerFactoryBean : Closing JPA EntityManagerFactory for persistence unit 'default'
2025-12-01T11:09:01.612+05:30  INFO 10176 --- [pisoft] [SpringApplicationShutdownHook] com.zaxxer.hikari.HikariDataSource       : HikariPool-1 - Shutdown initiated...
2025-12-01T11:09:01.667+05:30  INFO 10176 --- [pisoft] [SpringApplicationShutdownHook] com.zaxxer.hikari.HikariDataSource       : HikariPool-1 - Shutdown completed.
2025-12-01T11:09:22.186+05:30  INFO 14056 --- [pisoft] [restartedMain] com.pisoft.pisoft.PisoftApplication      : Starting PisoftApplication using Java 21.0.2 with PID 14056 (E:\ALL YOUTUBE CONTENT HERE\Pisoft october batch\Pisoft-October-Batch-master\target\classes started by JATIN in E:\ALL YOUTUBE CONTENT HERE\Pisoft october batch\Pisoft-October-Batch-master)
2025-12-01T11:09:22.194+05:30  INFO 14056 --- [pisoft] [restartedMain] com.pisoft.pisoft.PisoftApplication      : No active profile set, falling back to 1 default profile: "default"
2025-12-01T11:09:22.374+05:30  INFO 14056 --- [pisoft] [restartedMain] .e.DevToolsPropertyDefaultsPostProcessor : Devtools property defaults active! Set 'spring.devtools.add-properties' to 'false' to disable
2025-12-01T11:09:22.374+05:30  INFO 14056 --- [pisoft] [restartedMain] .e.DevToolsPropertyDefaultsPostProcessor : For additional web related logging consider setting the 'logging.level.web' property to 'DEBUG'
2025-12-01T11:09:27.894+05:30  INFO 14056 --- [pisoft] [restartedMain] .s.d.r.c.RepositoryConfigurationDelegate : Bootstrapping Spring Data JPA repositories in DEFAULT mode.
2025-12-01T11:09:28.274+05:30  INFO 14056 --- [pisoft] [restartedMain] .s.d.r.c.RepositoryConfigurationDelegate : Finished Spring Data repository scanning in 341 ms. Found 9 JPA repository interfaces.
2025-12-01T11:09:32.959+05:30  INFO 14056 --- [pisoft] [restartedMain] o.s.b.w.embedded.tomcat.TomcatWebServer  : Tomcat initialized with port 8080 (http)
2025-12-01T11:09:33.007+05:30  INFO 14056 --- [pisoft] [restartedMain] o.apache.catalina.core.StandardService   : Starting service [Tomcat]
2025-12-01T11:09:33.010+05:30  INFO 14056 --- [pisoft] [restartedMain] o.apache.catalina.core.StandardEngine    : Starting Servlet engine: [Apache Tomcat/10.1.30]
2025-12-01T11:09:33.259+05:30  INFO 14056 --- [pisoft] [restartedMain] o.a.c.c.C.[Tomcat].[localhost].[/]       : Initializing Spring embedded WebApplicationContext
2025-12-01T11:09:33.260+05:30  INFO 14056 --- [pisoft] [restartedMain] w.s.c.ServletWebServerApplicationContext : Root WebApplicationContext: initialization completed in 10885 ms
2025-12-01T11:09:34.854+05:30  INFO 14056 --- [pisoft] [restartedMain] o.hibernate.jpa.internal.util.LogHelper  : HHH000204: Processing PersistenceUnitInfo [name: default]
2025-12-01T11:09:35.163+05:30  INFO 14056 --- [pisoft] [restartedMain] org.hibernate.Version                    : HHH000412: Hibernate ORM core version 6.5.3.Final
2025-12-01T11:09:35.329+05:30  INFO 14056 --- [pisoft] [restartedMain] o.h.c.internal.RegionFactoryInitiator    : HHH000026: Second-level cache disabled
2025-12-01T11:09:36.746+05:30  INFO 14056 --- [pisoft] [restartedMain] o.s.o.j.p.SpringPersistenceUnitInfo      : No LoadTimeWeaver setup: ignoring JPA class transformer
2025-12-01T11:09:36.871+05:30  INFO 14056 --- [pisoft] [restartedMain] com.zaxxer.hikari.HikariDataSource       : HikariPool-1 - Starting...
2025-12-01T11:09:39.054+05:30  INFO 14056 --- [pisoft] [restartedMain] com.zaxxer.hikari.pool.HikariPool        : HikariPool-1 - Added connection com.mysql.cj.jdbc.ConnectionImpl@6dc8d93c
2025-12-01T11:09:39.064+05:30  INFO 14056 --- [pisoft] [restartedMain] com.zaxxer.hikari.HikariDataSource       : HikariPool-1 - Start completed.
2025-12-01T11:09:43.721+05:30  INFO 14056 --- [pisoft] [restartedMain] o.h.e.t.j.p.i.JtaPlatformInitiator       : HHH000489: No JTA platform available (set 'hibernate.transaction.jta.platform' to enable JTA platform integration)
2025-12-01T11:09:44.634+05:30  INFO 14056 --- [pisoft] [restartedMain] j.LocalContainerEntityManagerFactoryBean : Initialized JPA EntityManagerFactory for persistence unit 'default'
2025-12-01T11:09:48.302+05:30  WARN 14056 --- [pisoft] [restartedMain] JpaBaseConfiguration$JpaWebConfiguration : spring.jpa.open-in-view is enabled by default. Therefore, database queries may be performed during view rendering. Explicitly configure spring.jpa.open-in-view to disable this warning
2025-12-01T11:09:50.153+05:30  INFO 14056 --- [pisoft] [restartedMain] r$InitializeUserDetailsManagerConfigurer : Global AuthenticationManager configured with UserDetailsService bean with name userService
2025-12-01T11:09:50.404+05:30  INFO 14056 --- [pisoft] [restartedMain] o.s.d.j.r.query.QueryEnhancerFactory     : Hibernate is in classpath; If applicable, HQL parser will be used.
2025-12-01T11:09:55.749+05:30  INFO 14056 --- [pisoft] [restartedMain] o.s.b.a.e.web.EndpointLinksResolver      : Exposing 15 endpoints beneath base path '/management'
2025-12-01T11:09:58.261+05:30  INFO 14056 --- [pisoft] [restartedMain] o.s.b.d.a.OptionalLiveReloadServer       : LiveReload server is running on port 35729
2025-12-01T11:09:58.534+05:30  INFO 14056 --- [pisoft] [restartedMain] o.s.b.w.embedded.tomcat.TomcatWebServer  : Tomcat started on port 8080 (http) with context path '/'
2025-12-01T11:09:58.616+05:30  INFO 14056 --- [pisoft] [restartedMain] com.pisoft.pisoft.PisoftApplication      : Started PisoftApplication in 38.22 seconds (process running for 41.152)
2025-12-01T11:10:14.420+05:30  INFO 14056 --- [pisoft] [http-nio-8080-exec-1] o.a.c.c.C.[Tomcat].[localhost].[/]       : Initializing Spring DispatcherServlet 'dispatcherServlet'
2025-12-01T11:10:14.420+05:30  INFO 14056 --- [pisoft] [http-nio-8080-exec-1] o.s.web.servlet.DispatcherServlet        : Initializing Servlet 'dispatcherServlet'
2025-12-01T11:10:14.425+05:30  INFO 14056 --- [pisoft] [http-nio-8080-exec-1] o.s.web.servlet.DispatcherServlet        : Completed initialization in 5 ms
2025-12-01T11:11:18.077+05:30  WARN 14056 --- [pisoft] [http-nio-8080-exec-6] .m.m.a.ExceptionHandlerExceptionResolver : Resolved [io.jsonwebtoken.ExpiredJwtException: JWT expired at 2025-12-01T05:41:18Z. Current time: 2025-12-01T05:41:18Z, a difference of 31 milliseconds.  Allowed clock skew: 0 milliseconds.]
2025-12-01T11:21:21.915+05:30  INFO 14056 --- [pisoft] [SpringApplicationShutdownHook] j.LocalContainerEntityManagerFactoryBean : Closing JPA EntityManagerFactory for persistence unit 'default'
2025-12-01T11:21:21.934+05:30  INFO 14056 --- [pisoft] [SpringApplicationShutdownHook] com.zaxxer.hikari.HikariDataSource       : HikariPool-1 - Shutdown initiated...
2025-12-01T11:21:21.987+05:30  INFO 14056 --- [pisoft] [SpringApplicationShutdownHook] com.zaxxer.hikari.HikariDataSource       : HikariPool-1 - Shutdown completed.
